2020-05-08 23:47:19|   0.1|  0.1|INFORM|FME 2020.1.0.0 Beta (20200305 - Build 20510 - WIN64)
2020-05-08 23:47:19|   0.1|  0.0|INFORM|FME_HOME is 'C:\Program Files\FME\2020\'
2020-05-08 23:47:19|   0.1|  0.0|INFORM|FME Desktop ESRI Edition (floating)
2020-05-08 23:47:19|   0.1|  0.0|INFORM|Permanent License.
2020-05-08 23:47:19|   0.1|  0.0|INFORM|Machine host name is: M4RC05-34T15T4
2020-05-08 23:47:19|   0.1|  0.0|INFORM|START - ProcessID: 10064, peak process memory usage: 36220 kB, current process memory usage: 36220 kB
2020-05-08 23:47:19|   0.1|  0.0|INFORM|FME Configuration: Command line arguments are `C:\Program Files\FME\2020\fme.exe' `C:/wamp64/www/Controle/#\wb-xlate-1588992439150_812' `LOG_STANDARDOUT' `YES' `LogCountServerName' `{77075c48-68ac-4af2-9d9f-7505a5dfeedc}'
2020-05-08 23:47:19|   0.1|  0.0|INFORM|FME Configuration: Connection Storage: 'C:\Users\mbsj2\AppData\Roaming\Safe Software\FME\'
2020-05-08 23:47:20|   1.0|  0.9|INFORM|Shared folders for formats are : C:\Program Files\FME\2020\datasources;C:\Users\mbsj2\Documents\FME\Formats
2020-05-08 23:47:20|   1.0|  0.0|INFORM|Shared folders for transformers are : C:\Users\mbsj2\AppData\Roaming\Safe Software\FME\Packages\20510-win64\transformers;C:\Program Files\FME\2020\transformers
2020-05-08 23:47:20|   1.0|  0.0|INFORM|Shared folders for coordinate systems are : C:\Users\mbsj2\Documents\FME\CoordinateSystems
2020-05-08 23:47:20|   1.0|  0.0|INFORM|Shared folders for coordinate system exceptions are : C:\Users\mbsj2\Documents\FME\CoordinateSystemExceptions
2020-05-08 23:47:20|   1.0|  0.0|INFORM|Shared folders for coordinate system grid overrides are : C:\Users\mbsj2\Documents\FME\CoordinateSystemGridOverrides
2020-05-08 23:47:20|   1.0|  0.0|INFORM|Shared folders for CS-MAP transformation exceptions are : C:\Users\mbsj2\Documents\FME\CsmapTransformationExceptions
2020-05-08 23:47:20|   1.0|  0.0|INFORM|Shared folders for transformer categories are : C:\Users\mbsj2\Documents\FME\TransformerCategories
2020-05-08 23:47:20|   1.0|  0.0|INFORM|FME Configuration: Reader Keyword is `MULTI_READER'
2020-05-08 23:47:20|   1.0|  0.0|INFORM|FME Configuration: Writer Keyword is `NULL_DEST'
2020-05-08 23:47:20|   1.0|  0.0|INFORM|FME Configuration: Writer Group Definition Keyword is `NULL_DEST_DEF'
2020-05-08 23:47:20|   1.0|  0.0|INFORM|FME Configuration: Reader type is `MULTI_READER'
2020-05-08 23:47:20|   1.0|  0.0|INFORM|FME Configuration: Writer type is `NULL'
2020-05-08 23:47:20|   1.0|  0.0|INFORM|FME Configuration: No destination coordinate system set
2020-05-08 23:47:20|   1.0|  0.0|INFORM|FME Configuration: Current working folder is `C:\wamp64\www\Controle\#'
2020-05-08 23:47:20|   1.0|  0.0|INFORM|FME Configuration: Temporary folder is `C:\Users\mbsj2\AppData\Local\Temp', set from environment variable `TEMP'
2020-05-08 23:47:20|   1.0|  0.0|INFORM|FME Configuration: FME_HOME is `C:\Program Files\FME\2020\'
2020-05-08 23:47:20|   1.0|  0.0|INFORM|FME Configuration: FME_BASE is 'no'
2020-05-08 23:47:20|   1.0|  0.0|INFORM|FME Configuration: FME_MF_DIR is 'C:\wamp64\www\Controle\#/'
2020-05-08 23:47:20|   1.0|  0.0|INFORM|FME Configuration: FME_MF_NAME is 'numerar_linhaXcoluna.fmw'
2020-05-08 23:47:20|   1.0|  0.0|INFORM|FME Configuration: FME_PRODUCT_NAME is 'FME(R) 2020.1.0.0'
2020-05-08 23:47:20|   1.0|  0.0|INFORM|System Status: 449.00 GB of disk space available in the FME temporary folder (C:\Users\mbsj2\AppData\Local\Temp)
2020-05-08 23:47:20|   1.0|  0.0|INFORM|System Status: 15.92 GB of physical memory available
2020-05-08 23:47:20|   1.0|  0.0|INFORM|System Status: 63.67 GB of virtual memory available
2020-05-08 23:47:20|   1.0|  0.0|INFORM|Operating System: Microsoft Windows 10 64-bit  (Build 18362)
2020-05-08 23:47:20|   1.0|  0.0|INFORM|FME Platform: WIN64
2020-05-08 23:47:20|   1.0|  0.0|INFORM|Locale: pt_BR
2020-05-08 23:47:20|   1.0|  0.0|INFORM|System Encoding: windows-1252
2020-05-08 23:47:20|   1.0|  0.0|INFORM|FME Configuration: Start freeing memory when the process exceeds 47.75 GB
2020-05-08 23:47:20|   1.0|  0.0|INFORM|FME Configuration: Stop freeing memory when the process is below 35.81 GB
2020-05-08 23:47:20|   1.1|  0.0|INFORM|Creating writer for format: NULL (Nothing)
2020-05-08 23:47:20|   1.1|  0.0|INFORM|Trying to find a DYNAMIC plugin for writer named `NULL'
2020-05-08 23:47:20|   1.1|  0.0|INFORM|Loaded module 'NULL' from file 'C:\Program Files\FME\2020\plugins/NULL.dll'
2020-05-08 23:47:20|   1.1|  0.0|INFORM|FME API version of module 'NULL' matches current internal version (3.8 20200115)
2020-05-08 23:47:20|   1.1|  0.0|INFORM|Creating reader for format: 
2020-05-08 23:47:20|   1.1|  0.0|INFORM|MULTI_READER(MULTI_READER): Will fail with first member reader failure
2020-05-08 23:47:20|   1.1|  0.0|INFORM|Using Multi Reader with keyword `MULTI_READER' to read multiple datasets
2020-05-08 23:47:20|   1.1|  0.0|INFORM|FME API version of module 'NULL' matches current internal version (3.8 20200115)
2020-05-08 23:47:20|   1.1|  0.0|INFORM|FME API version of module 'NULL' matches current internal version (3.8 20200115)
2020-05-08 23:47:20|   1.1|  0.0|INFORM|Loaded module 'LogCount_func' from file 'C:\Program Files\FME\2020\plugins/LogCount_func.dll'
2020-05-08 23:47:20|   1.1|  0.0|INFORM|FME API version of module 'LogCount_func' matches current internal version (3.8 20200115)
2020-05-08 23:47:20|   1.1|  0.0|INFORM|Loaded module 'InspectorFactory' from file 'C:\Program Files\FME\2020\plugins/InspectorFactory.dll'
2020-05-08 23:47:20|   1.1|  0.0|INFORM|FME API version of module 'InspectorFactory' matches current internal version (3.8 20200115)
2020-05-08 23:47:20|   1.1|  0.0|INFORM|FME API version of module 'InspectorFactory' matches current internal version (3.8 20200115)
2020-05-08 23:47:20|   1.1|  0.0|INFORM|Loaded module 'PointCloudTilingFactory' from file 'C:\Program Files\FME\2020\plugins/PointCloudTilingFactory.dll'
2020-05-08 23:47:20|   1.1|  0.0|INFORM|FME API version of module 'PointCloudTilingFactory' matches current internal version (3.8 20200115)
2020-05-08 23:47:20|   1.1|  0.0|INFORM|Loaded module 'Geometry_func' from file 'C:\Program Files\FME\2020\plugins/Geometry_func.dll'
2020-05-08 23:47:20|   1.1|  0.0|INFORM|FME API version of module 'Geometry_func' matches current internal version (3.8 20200115)
2020-05-08 23:47:20|   1.1|  0.0|INFORM|FME API version of module 'InspectorFactory' matches current internal version (3.8 20200115)
2020-05-08 23:47:20|   1.1|  0.0|INFORM|Emptying factory pipeline
2020-05-08 23:47:20|   1.1|  0.0|STATS |Router and Unexpected Input Remover (RoutingFactory): Tested 0 input feature(s), wrote 0 output feature(s): 0 matched merge filters, 0 were routed to output, 0 could not be routed.
2020-05-08 23:47:20|   1.1|  0.0|STATS |Unexpected Input Remover Nuker (TeeFactory): Cloned 0 input feature(s) into 0 output feature(s)
2020-05-08 23:47:20|   1.1|  0.0|STATS |limites_proj_bahia(SHAPEFILE_1) Splitter (TeeFactory): Cloned 0 input feature(s) into 0 output feature(s)
2020-05-08 23:47:20|   1.1|  0.0|STATS |limites_proj_bahia_SHAPEFILE_1 Feature Counter -1 15 (TeeFactory): Cloned 0 input feature(s) into 0 output feature(s)
2020-05-08 23:47:20|   1.1|  0.0|STATS |Table1(HTMLTABLE_1) Splitter (TeeFactory): Cloned 0 input feature(s) into 0 output feature(s)
2020-05-08 23:47:20|   1.1|  0.0|STATS |public.edicao(POSTGIS_1) Splitter (TeeFactory): Cloned 0 input feature(s) into 0 output feature(s)
2020-05-08 23:47:21|   1.4|  0.2|STATS |Restoring 1 feature(s) from FME feature store file `C:\Users\mbsj2\AppData\Local\Temp\wb-cache--IdlXuO\Main_Reprojector_2 -1 21 fo 0 REPROJECTED  0  2769273f5961f97892a8f987e96aab13d11d0e94.ffs'
2020-05-08 23:47:21|   1.4|  0.0|STATS |Storing feature(s) to FME feature store file `C:\Users\mbsj2\AppData\Local\Temp\wb-inspectors-CxIylQ\inspector.ffs'
2020-05-08 23:47:21|   1.4|  0.0|INFORM|FFS writer: Writing 2016 feature(s) to file 'C:\Users\mbsj2\AppData\Local\Temp\wb-inspectors-CxIylQ\inspector.fts'
2020-05-08 23:47:21|   1.4|  0.0|INFORM|Spatial Index: Adding 2016 features
2020-05-08 23:47:21|   1.4|  0.0|INFORM|Reprojector_2_REPROJECTED_-1_24_Player (RecorderFactory): Played back 2016 feature(s) from file `C:\Users\mbsj2\AppData\Local\Temp\wb-cache--IdlXuO\Main_Reprojector_2 -1 21 fo 0 REPROJECTED  0  2769273f5961f97892a8f987e96aab13d11d0e94.ffs'
2020-05-08 23:47:21|   1.4|  0.0|WARN  |Coordinate system named _SRG-SA/2000.LL_0 does not exist.
2020-05-08 23:47:21|   1.4|  0.0|STATS |Restoring 1 feature(s) from FME feature store file `C:\Users\mbsj2\AppData\Local\Temp\wb-cache--IdlXuO\Main__All_ -1 5 -1  0  c6fbe2d45b0e7e17ae95fc4651603efea442d297.ffs'
2020-05-08 23:47:21|   1.4|  0.0|INFORM|FFS writer: Writing 4 feature(s) to file 'C:\Users\mbsj2\AppData\Local\Temp\wb-inspectors-CxIylQ\inspector_1.fts'
2020-05-08 23:47:21|   1.4|  0.0|INFORM|Spatial Index: Adding 4 features
2020-05-08 23:47:21|   1.4|  0.0|INFORM|limites_proj_bahia_SHAPEFILE_1_-1_15_Player (RecorderFactory): Played back 4 feature(s) from file `C:\Users\mbsj2\AppData\Local\Temp\wb-cache--IdlXuO\Main__All_ -1 5 -1  0  c6fbe2d45b0e7e17ae95fc4651603efea442d297.ffs'
2020-05-08 23:47:21|   1.4|  0.0|STATS |Restoring 1 feature(s) from FME feature store file `C:\Users\mbsj2\AppData\Local\Temp\wb-cache--IdlXuO\Main_BoundingBoxAccumulator -1 11 fo 0 BOUNDING_BOX  0  b67a93b01bdadee05f163cb4682bb394282eefa9.ffs'
2020-05-08 23:47:21|   1.4|  0.0|INFORM|BoundingBoxAccumulator_BOUNDING_BOX_-1_28_Player (RecorderFactory): Played back 1 feature(s) from file `C:\Users\mbsj2\AppData\Local\Temp\wb-cache--IdlXuO\Main_BoundingBoxAccumulator -1 11 fo 0 BOUNDING_BOX  0  b67a93b01bdadee05f163cb4682bb394282eefa9.ffs'
2020-05-08 23:47:21|   1.4|  0.0|STATS |Tiler_SolidSurfaceAndNullFilter (TestFactory): Tested 1 input feature(s) -- 0 feature(s) passed and 1 feature(s) failed
2020-05-08 23:47:21|   1.4|  0.0|STATS |Tiler (TeeFactory): Cloned 1 input feature(s) into 1 output feature(s)
2020-05-08 23:47:21|   1.4|  0.0|STATS |Tiler_ClippeePointCloudFilter (TestFactory): Tested 1 input feature(s) -- 0 feature(s) passed and 1 feature(s) failed
2020-05-08 23:47:21|   1.4|  0.0|STATS |Tiler_StartSplitter (TeeFactory): Cloned 1 input feature(s) into 2 output feature(s)
2020-05-08 23:47:21|   1.5|  0.0|STATS |Tiler_Tile_Marker_Tester (TestFactory): Tested 5925 input feature(s) -- 0 feature(s) passed and 5925 feature(s) failed
2020-05-08 23:47:21|   1.5|  0.0|INFORM|Tiler_Clipper (ClippingFactory): Clipping with an automatic tolerance of 1.811907543456822e-8
2020-05-08 23:47:23|   3.4|  1.9|STATS |Storing feature(s) to FME feature store file `C:\Users\mbsj2\AppData\Local\Temp\wb-cache--IdlXuO\Main_Tiler -1 12 fo 0 TILED  0  e729244f84c51603e7a404d76b902ac84e49a636.ffsupdating'
2020-05-08 23:47:24|   4.2|  0.8|STATS |Tiler_Clipper (ClippingFactory): Group '' had 1 input feature(s): 1 feature(s) were clipped, 0 feature(s) were totally inside and 0 feature(s) were totally outside
2020-05-08 23:47:24|   4.2|  0.0|STATS |Tiler_Clipper (ClippingFactory): Processed 1 input feature(s), of which 1 feature(s) were clipped, 0 feature(s) were totally inside and 0 feature(s) were totally outside
2020-05-08 23:47:24|   4.2|  0.0|STATS |Tiler_Tile_Unmarker (TestFactory): Tested 5925 input feature(s) -- 0 feature(s) passed and 5925 feature(s) failed
2020-05-08 23:47:24|   4.2|  0.0|STATS |Tiler_ReorientLHR (TeeFactory): Cloned 5925 input feature(s) into 5925 output feature(s)
2020-05-08 23:47:24|   4.2|  0.0|STATS |Tiler_RemoveOrientAttr (TestFactory): Tested 5925 input feature(s) -- 0 feature(s) passed and 5925 feature(s) failed
2020-05-08 23:47:24|   4.2|  0.0|STATS |Tiler_TILED Feature Counter -1 16 (TeeFactory): Cloned 5925 input feature(s) into 5925 output feature(s)
2020-05-08 23:47:24|   4.2|  0.0|STATS |Tiler_<REJECTED> Feature Counter -1 2147680268 (TeeFactory): Cloned 0 input feature(s) into 0 output feature(s)
2020-05-08 23:47:24|   4.2|  0.0|STATS |Tiler_<Rejected> (TeeFactory): Cloned 0 input feature(s) into 0 output feature(s)
2020-05-08 23:47:24|   4.2|  0.0|STATS |Stored 5927 feature(s) to FME feature store file `C:\Users\mbsj2\AppData\Local\Temp\wb-inspectors-CxIylQ\inspector.ffs'
2020-05-08 23:47:24|   4.2|  0.0|INFORM|Saving spatial index into file 'C:\Users\mbsj2\AppData\Local\Temp\wb-inspectors-CxIylQ\inspector.fsi'
2020-05-08 23:47:24|   4.2|  0.0|INFORM|Finished saving spatial index into file 'C:\Users\mbsj2\AppData\Local\Temp\wb-inspectors-CxIylQ\inspector.fsi'
2020-05-08 23:47:24|   4.2|  0.0|STATS |Stored 5925 feature(s) to FME feature store file `C:\Users\mbsj2\AppData\Local\Temp\wb-cache--IdlXuO\Main_Tiler -1 12 fo 0 TILED  0  e729244f84c51603e7a404d76b902ac84e49a636.ffsupdating'
2020-05-08 23:47:24|   4.2|  0.0|INFORM|Saving spatial index into file 'C:\Users\mbsj2\AppData\Local\Temp\wb-cache--IdlXuO\Main_Tiler -1 12 fo 0 TILED  0  e729244f84c51603e7a404d76b902ac84e49a636.fsi'
2020-05-08 23:47:24|   4.2|  0.0|INFORM|Finished saving spatial index into file 'C:\Users\mbsj2\AppData\Local\Temp\wb-cache--IdlXuO\Main_Tiler -1 12 fo 0 TILED  0  e729244f84c51603e7a404d76b902ac84e49a636.fsi'
2020-05-08 23:47:24|   4.2|  0.0|STATS |Destination Feature Type Routing Correlator (RoutingFactory): Tested 0 input feature(s), wrote 0 output feature(s): 0 matched merge filters, 0 were routed to output, 0 could not be routed.
2020-05-08 23:47:24|   4.2|  0.0|STATS |Final Output Nuker (TeeFactory): Cloned 0 input feature(s) into 0 output feature(s)
2020-05-08 23:47:24|   4.2|  0.0|STATS |VisualizerProcessor (CreationFactory): Created 1 features
2020-05-08 23:47:24|   4.2|  0.0|STATS |VisualizerCleaner (TeeFactory): Cloned 1 input feature(s) into 0 output feature(s)
2020-05-08 23:47:24|   4.2|  0.0|INFORM|=-=-=-=-=-=-=-=-=-=-=-=-=-=-=-=-=-=-=-=-=-=-=-=-=-=-=-=-=-=-=-=-=-=-=-=-=-=-=-
2020-05-08 23:47:24|   4.2|  0.0|INFORM|                     'GlobalVariable' Final State Summary
2020-05-08 23:47:24|   4.2|  0.0|INFORM|=-=-=-=-=-=-=-=-=-=-=-=-=-=-=-=-=-=-=-=-=-=-=-=-=-=-=-=-=-=-=-=-=-=-=-=-=-=-=-
2020-05-08 23:47:24|   4.2|  0.0|INFORM|Tiler_NUM_TO_CREATE                                                          0
2020-05-08 23:47:24|   4.2|  0.0|INFORM|==============================================================================
2020-05-08 23:47:24|   4.2|  0.0|INFORM|Total Number of Global Variables:                                            1
2020-05-08 23:47:24|   4.2|  0.0|INFORM|=-=-=-=-=-=-=-=-=-=-=-=-=-=-=-=-=-=-=-=-=-=-=-=-=-=-=-=-=-=-=-=-=-=-=-=-=-=-=-
2020-05-08 23:47:24|   4.2|  0.0|STATS |=-=-=-=-=-=-=-=-=-=-=-=-=-=-=-=-=-=-=-=-=-=-=-=-=-=-=-=-=-=-=-=-=-=-=-=-=-=-=-
2020-05-08 23:47:24|   4.2|  0.0|STATS |                            Features Read Summary
2020-05-08 23:47:24|   4.2|  0.0|STATS |=-=-=-=-=-=-=-=-=-=-=-=-=-=-=-=-=-=-=-=-=-=-=-=-=-=-=-=-=-=-=-=-=-=-=-=-=-=-=-
2020-05-08 23:47:24|   4.2|  0.0|STATS |==============================================================================
2020-05-08 23:47:24|   4.2|  0.0|STATS |Total Features Read                                                          0
2020-05-08 23:47:24|   4.2|  0.0|STATS |=-=-=-=-=-=-=-=-=-=-=-=-=-=-=-=-=-=-=-=-=-=-=-=-=-=-=-=-=-=-=-=-=-=-=-=-=-=-=-
2020-05-08 23:47:24|   4.2|  0.0|STATS |=-=-=-=-=-=-=-=-=-=-=-=-=-=-=-=-=-=-=-=-=-=-=-=-=-=-=-=-=-=-=-=-=-=-=-=-=-=-=-
2020-05-08 23:47:24|   4.2|  0.0|STATS |                           Features Written Summary
2020-05-08 23:47:24|   4.2|  0.0|STATS |=-=-=-=-=-=-=-=-=-=-=-=-=-=-=-=-=-=-=-=-=-=-=-=-=-=-=-=-=-=-=-=-=-=-=-=-=-=-=-
2020-05-08 23:47:24|   4.2|  0.0|STATS |==============================================================================
2020-05-08 23:47:24|   4.2|  0.0|STATS |Total Features Written                                                       0
2020-05-08 23:47:24|   4.2|  0.0|STATS |=-=-=-=-=-=-=-=-=-=-=-=-=-=-=-=-=-=-=-=-=-=-=-=-=-=-=-=-=-=-=-=-=-=-=-=-=-=-=-
2020-05-08 23:47:24|   4.2|  0.0|WARN  |-~-~-~-~-~-~-~-~-~-~-~-~-~-~-~-~-~-~-~-~-~-~-~-~-~-~-~-~-~-~-~-~-~-~-~-~-~-~-~-~-
2020-05-08 23:47:24|   4.2|  0.0|WARN  |-~                                                                             ~-
2020-05-08 23:47:24|   4.2|  0.0|WARN  |-~    Feature caches have been recorded at every stage of the translation.     ~-
2020-05-08 23:47:24|   4.2|  0.0|WARN  |-~                      To inspect the recorded features,                      ~-
2020-05-08 23:47:24|   4.2|  0.0|WARN  |-~              click the feature cache icons next to the ports.               ~-
2020-05-08 23:47:24|   4.2|  0.0|WARN  |-~                                                                             ~-
2020-05-08 23:47:24|   4.2|  0.0|WARN  |-~-~-~-~-~-~-~-~-~-~-~-~-~-~-~-~-~-~-~-~-~-~-~-~-~-~-~-~-~-~-~-~-~-~-~-~-~-~-~-~-
2020-05-08 23:47:24|   4.2|  0.0|INFORM|Translation was SUCCESSFUL with 8 warning(s) (0 feature(s) output)
2020-05-08 23:47:24|   4.2|  0.0|INFORM|FME Session Duration: 4.3 seconds. (CPU: 2.9s user, 0.4s system)
2020-05-08 23:47:24|   4.2|  0.0|INFORM|END - ProcessID: 10064, peak process memory usage: 179012 kB, current process memory usage: 93676 kB
